GAS LISTING /tmp/ccV7d7eq.s 			page 1


   1              		.file	"1.4.c"
   2              		.text
   3              	.Ltext0:
   4              		.globl	main
   6              	main:
   7              	.LFB0:
   8              		.file 1 "1.4.c"
   1:1.4.c         **** 
   2:1.4.c         **** int main()
   3:1.4.c         **** {
   9              		.loc 1 3 0
  10              		.cfi_startproc
  11 0000 55       		pushq	%rbp
  12              		.cfi_def_cfa_offset 16
  13              		.cfi_offset 6, -16
  14 0001 4889E5   		movq	%rsp, %rbp
  15              		.cfi_def_cfa_register 6
   4:1.4.c         ****     return 123;
  16              		.loc 1 4 0
  17 0004 B87B0000 		movl	$123, %eax
  17      00
   5:1.4.c         **** };
  18              		.loc 1 5 0
  19 0009 5D       		popq	%rbp
  20              		.cfi_def_cfa 7, 8
  21 000a C3       		ret
  22              		.cfi_endproc
  23              	.LFE0:
  25              	.Letext0:
GAS LISTING /tmp/ccV7d7eq.s 			page 2


DEFINED SYMBOLS
                            *ABS*:0000000000000000 1.4.c
     /tmp/ccV7d7eq.s:6      .text:0000000000000000 main

NO UNDEFINED SYMBOLS
